<?xml version="1.0" encoding="UTF-8"?>
<!-- Generated by org.testng.reporters.JUnitReportReporter -->
<testsuite hostname="LTIN425663" failures="0" tests="1" name="com.seleniumAutomation.CaseStudy3" time="14.975" errors="0" timestamp="2023-08-11T09:23:05 IST" skipped="0">
  <testcase classname="com.seleniumAutomation.CaseStudy3" name="openingAmazon" time="14.975"/>
  <system-out/>
</testsuite> <!-- com.seleniumAutomation.CaseStudy3 -->
