<?xml version="1.0" encoding="UTF-8"?>
<!-- Generated by org.testng.reporters.JUnitReportReporter -->
<testsuite hostname="LTIN425663" failures="0" tests="1" name="com.seleniumAutomation.CaseStudy9" time="9.891" errors="0" timestamp="2023-08-16T10:22:34 IST" skipped="0">
  <testcase classname="com.seleniumAutomation.CaseStudy9" name="dragAndDrop" time="9.891"/>
  <system-out/>
</testsuite> <!-- com.seleniumAutomation.CaseStudy9 -->
