<?xml version="1.0" encoding="UTF-8"?>
<!-- Generated by org.testng.reporters.JUnitReportReporter -->
<testsuite hostname="LTIN425663" failures="0" tests="4" name="com.seleniumAutomation.DataProvide" time="0.009" errors="0" timestamp="2023-08-21T10:05:41 IST" skipped="0">
  <testcase classname="com.seleniumAutomation.DataProvide" name="testCaseDataRun" time="0.001"/>
  <system-out/>
  <testcase classname="com.seleniumAutomation.DataProvide" name="testCaseDataRun" time="0.002"/>
  <system-out/>
  <testcase classname="com.seleniumAutomation.DataProvide" name="testCaseDataRun" time="0.001"/>
  <system-out/>
  <testcase classname="com.seleniumAutomation.DataProvide" name="testCaseDataRun" time="0.005"/>
  <system-out/>
</testsuite> <!-- com.seleniumAutomation.DataProvide -->
