<?xml version="1.0" encoding="UTF-8"?>
<!-- Generated by org.testng.reporters.JUnitReportReporter -->
<testsuite hostname="LTIN425663" failures="0" tests="1" name="com.seleniumAutomation.CaseStudy8" time="10.267" errors="0" timestamp="2023-08-14T11:44:12 IST" skipped="0">
  <testcase classname="com.seleniumAutomation.CaseStudy8" name="handlingAlerts" time="10.267"/>
  <system-out/>
</testsuite> <!-- com.seleniumAutomation.CaseStudy8 -->
