<?xml version="1.0" encoding="UTF-8"?>
<!-- Generated by org.testng.reporters.JUnitReportReporter -->
<testsuite hostname="LTIN425663" failures="0" tests="3" name="com.phptravels.TestPHPTravels" time="13.186" errors="0" timestamp="2023-08-26T01:50:39 IST" skipped="0">
  <testcase classname="com.phptravels.TestPHPTravels" name="test1" time="6.407"/>
  <system-out/>
  <testcase classname="com.phptravels.TestPHPTravels" name="test1" time="3.461"/>
  <system-out/>
  <testcase classname="com.phptravels.TestPHPTravels" name="test1" time="3.318"/>
  <system-out/>
</testsuite> <!-- com.phptravels.TestPHPTravels -->
