<?xml version="1.0" encoding="UTF-8"?>
<!-- Generated by org.testng.reporters.JUnitReportReporter -->
<testsuite hostname="LTIN425663" failures="0" tests="1" name="com.seleniumAutomation.CaseStudy5" time="17.044" errors="0" timestamp="2023-08-14T09:29:17 IST" skipped="0">
  <testcase classname="com.seleniumAutomation.CaseStudy5" name="windowHandling" time="17.044"/>
  <system-out/>
</testsuite> <!-- com.seleniumAutomation.CaseStudy5 -->
