<?xml version="1.0" encoding="UTF-8"?>
<!-- Generated by org.testng.reporters.JUnitReportReporter -->
<testsuite hostname="LTIN425663" failures="0" tests="1" name="com.seleniumAutomation.BrowserTests" time="12.216" errors="0" timestamp="2023-08-26T00:19:04 IST" skipped="0">
  <testcase classname="com.seleniumAutomation.BrowserTests" name="testOpenDifferentBrowsers" time="12.216"/>
  <system-out/>
</testsuite> <!-- com.seleniumAutomation.BrowserTests -->
