<?xml version="1.0" encoding="UTF-8"?>
<!-- Generated by org.testng.reporters.JUnitReportReporter -->
<testsuite hostname="LTIN425663" failures="0" tests="1" name="com.seleniumAutomation.BrowserTests" time="10.465" errors="0" timestamp="2023-08-10T13:57:05 IST" skipped="0">
  <testcase classname="com.seleniumAutomation.BrowserTests" name="testOpenDifferentBrowsers" time="10.465"/>
  <system-out/>
</testsuite> <!-- com.seleniumAutomation.BrowserTests -->
