<?xml version="1.0" encoding="UTF-8"?>
<!-- Generated by org.testng.reporters.JUnitReportReporter -->
<testsuite hostname="LTIN425663" failures="0" tests="1" name="com.seleniumAutomation.CaseStudy6" time="3.229" errors="0" timestamp="2023-08-14T10:39:33 IST" skipped="0">
  <testcase classname="com.seleniumAutomation.CaseStudy6" name="highlightingAndSShot" time="3.229"/>
  <system-out/>
</testsuite> <!-- com.seleniumAutomation.CaseStudy6 -->
