<?xml version="1.0" encoding="UTF-8"?>
<!-- Generated by org.testng.reporters.JUnitReportReporter -->
<testsuite hostname="LTIN425663" failures="0" tests="3" name="com.standalone.FlipkartHeadphones" time="9.854" errors="0" timestamp="2023-08-25T13:51:20 IST" skipped="0">
  <testcase classname="com.standalone.FlipkartHeadphones" name="closingPopUp" time="5.057"/>
  <system-out/>
  <testcase classname="com.standalone.FlipkartHeadphones" name="searchingHeadphone" time="3.157"/>
  <system-out/>
  <testcase classname="com.standalone.FlipkartHeadphones" name="switchingToNextWindow" time="1.640"/>
  <system-out/>
</testsuite> <!-- com.standalone.FlipkartHeadphones -->
