<?xml version="1.0" encoding="UTF-8"?>
<!-- Generated by org.testng.reporters.JUnitReportReporter -->
<testsuite hostname="LTIN425663" failures="0" tests="1" name="com.seleniumAutomation.MouseHoveringAction" time="6.895" errors="0" timestamp="2023-08-16T16:19:56 IST" skipped="0">
  <testcase classname="com.seleniumAutomation.MouseHoveringAction" name="selectingRange" time="6.895"/>
  <system-out/>
</testsuite> <!-- com.seleniumAutomation.MouseHoveringAction -->
