<?xml version="1.0" encoding="UTF-8"?>
<!-- Generated by org.testng.reporters.JUnitReportReporter -->
<testsuite hostname="LTIN425663" failures="0" tests="3" name="com.standalone.FlipkartHeadphones" time="9.956" errors="0" timestamp="2023-08-25T14:01:58 IST" skipped="0">
  <testcase classname="com.standalone.FlipkartHeadphones" name="closingPopUp" time="4.974"/>
  <system-out/>
  <testcase classname="com.standalone.FlipkartHeadphones" name="searchingHeadphone" time="3.439"/>
  <system-out/>
  <testcase classname="com.standalone.FlipkartHeadphones" name="switchingToNextWindow" time="1.543"/>
  <system-out/>
</testsuite> <!-- com.standalone.FlipkartHeadphones -->
