<?xml version="1.0" encoding="UTF-8"?>
<!-- Generated by org.testng.reporters.JUnitReportReporter -->
<testsuite hostname="LTIN425663" failures="0" tests="1" name="com.standalone.ExtentReportDemo" time="5.467" errors="0" timestamp="2023-08-22T11:04:50 IST" skipped="0">
  <testcase classname="com.standalone.ExtentReportDemo" name="testDemo" time="5.467"/>
  <system-out/>
</testsuite> <!-- com.standalone.ExtentReportDemo -->
