<?xml version="1.0" encoding="UTF-8"?>
<!-- Generated by org.testng.reporters.JUnitReportReporter -->
<testsuite hostname="LTIN425663" failures="0" tests="1" name="com.seleniumAutomation.CaseStudy4" time="17.207" errors="0" timestamp="2023-08-11T10:13:54 IST" skipped="0">
  <testcase classname="com.seleniumAutomation.CaseStudy4" name="capturingErrorMsg" time="17.207"/>
  <system-out/>
</testsuite> <!-- com.seleniumAutomation.CaseStudy4 -->
