<?xml version="1.0" encoding="UTF-8"?>
<!-- Generated by org.testng.reporters.JUnitReportReporter -->
<testsuite hostname="LTIN425663" failures="0" tests="1" name="com.seleniumAutomation.CaseStudy10" time="5.333" errors="0" timestamp="2023-08-16T10:35:33 IST" skipped="0">
  <testcase classname="com.seleniumAutomation.CaseStudy10" name="handlingFramesAndWindows" time="5.333"/>
  <system-out/>
</testsuite> <!-- com.seleniumAutomation.CaseStudy10 -->
